Starting analysis for 588 frameworks...
Processed 50/588 frameworks...
Processed 100/588 frameworks...
Processed 150/588 frameworks...
Processed 200/588 frameworks...
Processed 250/588 frameworks...
Processed 300/588 frameworks...
Processed 350/588 frameworks...
Processed 400/588 frameworks...
Processed 450/588 frameworks...
Processed 500/588 frameworks...
Processed 550/588 frameworks...
Batch 1 report generated: framework_inventions_report_batch_1.md
Batch 2 report generated: framework_inventions_report_batch_2.md
Batch 3 report generated: framework_inventions_report_batch_3.md
Batch 4 report generated: framework_inventions_report_batch_4.md
Batch 5 report generated: framework_inventions_report_batch_5.md
Batch 6 report generated: framework_inventions_report_batch_6.md
Batch 7 report generated: framework_inventions_report_batch_7.md
Batch 8 report generated: framework_inventions_report_batch_8.md
Batch 9 report generated: framework_inventions_report_batch_9.md
Batch 10 report generated: framework_inventions_report_batch_10.md
Batch 11 report generated: framework_inventions_report_batch_11.md
Batch 12 report generated: framework_inventions_report_batch_12.md
Master report generated: framework_inventions_report_master.md
Total inventions found: 14271
